build/app/intermediates/manifest_merge_blame_file/debug/manifest-merger-blame-debug-report.txt
1<?xml version="1.0" encoding="utf-8"?>
2<manifest xmlns:android="http://schemas.android.com/apk/res/android"
3    package="com.FenixJsfDevelopment.heartmypet"
4    android:versionCode="1"
5    android:versionName="1.0.0" >
6
7    <uses-sdk
8        android:minSdkVersion="28"
9        android:targetSdkVersion="31" />
10    <!--
11         Flutter needs it to communicate with the running application
12         to allow setting breakpoints, to provide hot reload, etc.
13    -->
14    <uses-permission android:name="android.permission.INTERNET" />
14-->src/debug/AndroidManifest.xml:6:5-66
14-->src/debug/AndroidManifest.xml:6:22-64
15    <!--
16     io.flutter.app.FlutterApplication is an android.app.Application that
17         calls FlutterMain.startInitialization(this); in its onCreate method.
18         In most cases you can leave this as-is, but you if you want to provide
19         additional functionality it is fine to subclass or reimplement
20         FlutterApplication and put your custom class here.
21    -->
22    <uses-permission android:name="android.permission.WRITE_EXTERNAL_STORAGE" />
22-->src/main/AndroidManifest.xml:8:10-86
22-->src/main/AndroidManifest.xml:8:27-83
23    <uses-permission android:name="android.permission.READ_EXTERNAL_STORAGE" />
23-->src/main/AndroidManifest.xml:9:1-76
23-->src/main/AndroidManifest.xml:9:18-73
24    <uses-permission android:name="android.permission.CAMERA" />
24-->src/main/AndroidManifest.xml:10:1-61
24-->src/main/AndroidManifest.xml:10:18-58
25    <uses-permission android:name="android.permission.ACCESS_FINE_LOCATION" />
25-->src/main/AndroidManifest.xml:11:1-75
25-->src/main/AndroidManifest.xml:11:18-72
26    <uses-permission android:name="android.permission.ACCESS_COARSE_LOCATION" />
26-->src/main/AndroidManifest.xml:12:1-77
26-->src/main/AndroidManifest.xml:12:18-74
27    <uses-permission android:name="android.permission.WAKE_LOCK" />
27-->[:firebase_messaging] AndroidManifest.xml:8:5-68
27-->[:firebase_messaging] AndroidManifest.xml:8:22-65
28    <uses-permission android:name="android.permission.ACCESS_NETWORK_STATE" />
28-->[:firebase_messaging] AndroidManifest.xml:9:5-79
28-->[:firebase_messaging] AndroidManifest.xml:9:22-76
29    <uses-permission android:name="android.permission.RECORD_AUDIO" />
29-->[:camera] AndroidManifest.xml:10:5-71
29-->[:camera] AndroidManifest.xml:10:22-68
30    <uses-permission android:name="android.permission.RECEIVE_BOOT_COMPLETED" />
30-->[:awesome_notifications] AndroidManifest.xml:7:5-81
30-->[:awesome_notifications] AndroidManifest.xml:7:22-78
31    <uses-permission android:name="android.permission.VIBRATE" />
31-->[:awesome_notifications] AndroidManifest.xml:8:5-66
31-->[:awesome_notifications] AndroidManifest.xml:8:22-63
32    <uses-permission android:name="android.permission.USE_FULL_SCREEN_INTENT" />
32-->[:flutter_local_notifications] AndroidManifest.xml:9:5-81
32-->[:flutter_local_notifications] AndroidManifest.xml:9:22-78
33    <uses-permission android:name="android.permission.SCHEDULE_EXACT_ALARM" /> <!-- Required by older versions of Google Play services to create IID tokens -->
33-->[:flutter_local_notifications] AndroidManifest.xml:10:5-79
33-->[:flutter_local_notifications] AndroidManifest.xml:10:22-76
34    <uses-permission android:name="com.google.android.c2dm.permission.RECEIVE" />
34-->[com.google.firebase:firebase-messaging:23.0.0] AndroidManifest.xml:25:5-82
34-->[com.google.firebase:firebase-messaging:23.0.0] AndroidManifest.xml:25:22-79
35    <uses-permission android:name="com.google.android.gms.permission.AD_ID" /> <!-- Android package visibility setting -->
35-->[com.google.android.gms:play-services-ads-lite:20.5.0] AndroidManifest.xml:25:5-79
35-->[com.google.android.gms:play-services-ads-lite:20.5.0] AndroidManifest.xml:25:22-76
36    <queries>
36-->[com.google.android.gms:play-services-ads-lite:20.5.0] AndroidManifest.xml:28:5-44:15
37
38        <!-- For browser content -->
39        <intent>
39-->[com.google.android.gms:play-services-ads-lite:20.5.0] AndroidManifest.xml:31:9-37:18
40            <action android:name="android.intent.action.VIEW" />
40-->[com.google.android.gms:play-services-ads-lite:20.5.0] AndroidManifest.xml:32:13-65
40-->[com.google.android.gms:play-services-ads-lite:20.5.0] AndroidManifest.xml:32:21-62
41
42            <category android:name="android.intent.category.BROWSABLE" />
42-->[com.google.android.gms:play-services-ads-lite:20.5.0] AndroidManifest.xml:34:13-74
42-->[com.google.android.gms:play-services-ads-lite:20.5.0] AndroidManifest.xml:34:23-71
43
44            <data android:scheme="https" />
44-->[com.google.android.gms:play-services-ads-lite:20.5.0] AndroidManifest.xml:36:13-44
44-->[com.google.android.gms:play-services-ads-lite:20.5.0] AndroidManifest.xml:36:19-41
45        </intent>
46        <!-- End of browser content -->
47        <!-- For CustomTabsService -->
48        <intent>
48-->[com.google.android.gms:play-services-ads-lite:20.5.0] AndroidManifest.xml:40:9-42:18
49            <action android:name="android.support.customtabs.action.CustomTabsService" />
49-->[com.google.android.gms:play-services-ads-lite:20.5.0] AndroidManifest.xml:41:13-90
49-->[com.google.android.gms:play-services-ads-lite:20.5.0] AndroidManifest.xml:41:21-87
50        </intent>
51        <!-- End of CustomTabsService -->
52    </queries>
53
54    <uses-permission android:name="com.google.android.finsky.permission.BIND_GET_INSTALL_REFERRER_SERVICE" />
54-->[com.google.android.gms:play-services-measurement:20.0.0] AndroidManifest.xml:26:5-110
54-->[com.google.android.gms:play-services-measurement:20.0.0] AndroidManifest.xml:26:22-107
55    <uses-permission android:name="android.permission.FOREGROUND_SERVICE" /> <!-- for android -->
55-->[androidx.work:work-runtime:2.7.0] AndroidManifest.xml:28:5-77
55-->[androidx.work:work-runtime:2.7.0] AndroidManifest.xml:28:22-74
56    <!-- <uses-permission android:name="com.android.launcher.permission.READ_SETTINGS"/> -->
57    <!-- <uses-permission android:name="com.android.launcher.permission.WRITE_SETTINGS"/> -->
58    <!-- <uses-permission android:name="com.android.launcher.permission.INSTALL_SHORTCUT" /> -->
59    <!-- <uses-permission android:name="com.android.launcher.permission.UNINSTALL_SHORTCUT" /> -->
60    <!-- for Samsung -->
61    <uses-permission android:name="com.sec.android.provider.badge.permission.READ" />
61-->[me.leolin:ShortcutBadger:1.1.22] AndroidManifest.xml:19:5-86
61-->[me.leolin:ShortcutBadger:1.1.22] AndroidManifest.xml:19:22-83
62    <uses-permission android:name="com.sec.android.provider.badge.permission.WRITE" /> <!-- for htc -->
62-->[me.leolin:ShortcutBadger:1.1.22] AndroidManifest.xml:20:5-87
62-->[me.leolin:ShortcutBadger:1.1.22] AndroidManifest.xml:20:22-84
63    <uses-permission android:name="com.htc.launcher.permission.READ_SETTINGS" />
63-->[me.leolin:ShortcutBadger:1.1.22] AndroidManifest.xml:23:5-81
63-->[me.leolin:ShortcutBadger:1.1.22] AndroidManifest.xml:23:22-78
64    <uses-permission android:name="com.htc.launcher.permission.UPDATE_SHORTCUT" /> <!-- for sony -->
64-->[me.leolin:ShortcutBadger:1.1.22] AndroidManifest.xml:24:5-83
64-->[me.leolin:ShortcutBadger:1.1.22] AndroidManifest.xml:24:22-80
65    <uses-permission android:name="com.sonyericsson.home.permission.BROADCAST_BADGE" />
65-->[me.leolin:ShortcutBadger:1.1.22] AndroidManifest.xml:27:5-88
65-->[me.leolin:ShortcutBadger:1.1.22] AndroidManifest.xml:27:22-85
66    <uses-permission android:name="com.sonymobile.home.permission.PROVIDER_INSERT_BADGE" /> <!-- for apex -->
66-->[me.leolin:ShortcutBadger:1.1.22] AndroidManifest.xml:28:5-92
66-->[me.leolin:ShortcutBadger:1.1.22] AndroidManifest.xml:28:22-89
67    <uses-permission android:name="com.anddoes.launcher.permission.UPDATE_COUNT" /> <!-- for solid -->
67-->[me.leolin:ShortcutBadger:1.1.22] AndroidManifest.xml:31:5-84
67-->[me.leolin:ShortcutBadger:1.1.22] AndroidManifest.xml:31:22-81
68    <uses-permission android:name="com.majeur.launcher.permission.UPDATE_BADGE" /> <!-- for huawei -->
68-->[me.leolin:ShortcutBadger:1.1.22] AndroidManifest.xml:34:5-83
68-->[me.leolin:ShortcutBadger:1.1.22] AndroidManifest.xml:34:22-80
69    <uses-permission android:name="com.huawei.android.launcher.permission.CHANGE_BADGE" />
69-->[me.leolin:ShortcutBadger:1.1.22] AndroidManifest.xml:37:5-91
69-->[me.leolin:ShortcutBadger:1.1.22] AndroidManifest.xml:37:22-88
70    <uses-permission android:name="com.huawei.android.launcher.permission.READ_SETTINGS" />
70-->[me.leolin:ShortcutBadger:1.1.22] AndroidManifest.xml:38:5-92
70-->[me.leolin:ShortcutBadger:1.1.22] AndroidManifest.xml:38:22-89
71    <uses-permission android:name="com.huawei.android.launcher.permission.WRITE_SETTINGS" /> <!-- for ZUK -->
71-->[me.leolin:ShortcutBadger:1.1.22] AndroidManifest.xml:39:5-93
71-->[me.leolin:ShortcutBadger:1.1.22] AndroidManifest.xml:39:22-90
72    <uses-permission android:name="android.permission.READ_APP_BADGE" /> <!-- for OPPO -->
72-->[me.leolin:ShortcutBadger:1.1.22] AndroidManifest.xml:42:5-73
72-->[me.leolin:ShortcutBadger:1.1.22] AndroidManifest.xml:42:22-70
73    <uses-permission android:name="com.oppo.launcher.permission.READ_SETTINGS" />
73-->[me.leolin:ShortcutBadger:1.1.22] AndroidManifest.xml:45:5-82
73-->[me.leolin:ShortcutBadger:1.1.22] AndroidManifest.xml:45:22-79
74    <uses-permission android:name="com.oppo.launcher.permission.WRITE_SETTINGS" /> <!-- for EvMe -->
74-->[me.leolin:ShortcutBadger:1.1.22] AndroidManifest.xml:46:5-83
74-->[me.leolin:ShortcutBadger:1.1.22] AndroidManifest.xml:46:22-80
75    <uses-permission android:name="me.everything.badger.permission.BADGE_COUNT_READ" />
75-->[me.leolin:ShortcutBadger:1.1.22] AndroidManifest.xml:49:5-88
75-->[me.leolin:ShortcutBadger:1.1.22] AndroidManifest.xml:49:22-85
76    <uses-permission android:name="me.everything.badger.permission.BADGE_COUNT_WRITE" />
76-->[me.leolin:ShortcutBadger:1.1.22] AndroidManifest.xml:50:5-89
76-->[me.leolin:ShortcutBadger:1.1.22] AndroidManifest.xml:50:22-86
77
78    <application
78-->src/main/AndroidManifest.xml:13:5-41:19
79        android:name="io.flutter.app.FlutterApplication"
79-->src/main/AndroidManifest.xml:14:9-57
80        android:appComponentFactory="androidx.core.app.CoreComponentFactory"
80-->[androidx.core:core:1.7.0] AndroidManifest.xml:24:18-86
81        android:debuggable="true"
82        android:extractNativeLibs="false"
83        android:icon="@mipmap/launcher_icon"
83-->src/main/AndroidManifest.xml:16:9-45
84        android:label="Heart my pets" >
84-->src/main/AndroidManifest.xml:15:9-38
85        <activity
85-->src/main/AndroidManifest.xml:17:9-30:20
86            android:name="com.FenixJsfDevelopment.heartmypet.MainActivity"
86-->src/main/AndroidManifest.xml:18:13-41
87            android:configChanges="orientation|keyboardHidden|keyboard|screenSize|smallestScreenSize|locale|layoutDirection|fontScale|screenLayout|density|uiMode"
87-->src/main/AndroidManifest.xml:22:13-163
88            android:exported="true"
88-->src/main/AndroidManifest.xml:19:13-36
89            android:hardwareAccelerated="true"
89-->src/main/AndroidManifest.xml:23:13-47
90            android:launchMode="singleTop"
90-->src/main/AndroidManifest.xml:20:13-43
91            android:scaleType="centerInside"
91-->src/main/AndroidManifest.xml:25:13-45
92            android:theme="@style/LaunchTheme"
92-->src/main/AndroidManifest.xml:21:13-47
93            android:windowSoftInputMode="adjustResize" >
93-->src/main/AndroidManifest.xml:24:13-55
94            <intent-filter>
94-->src/main/AndroidManifest.xml:26:13-29:29
95                <action android:name="android.intent.action.MAIN" />
95-->src/main/AndroidManifest.xml:27:17-68
95-->src/main/AndroidManifest.xml:27:25-66
96
97                <category android:name="android.intent.category.LAUNCHER" />
97-->src/main/AndroidManifest.xml:28:17-76
97-->src/main/AndroidManifest.xml:28:27-74
98            </intent-filter>
99        </activity>
100        <!--
101             Don't delete the meta-data below.
102             This is used by the Flutter tool to generate GeneratedPluginRegistrant.java
103        -->
104        <meta-data
104-->src/main/AndroidManifest.xml:33:9-35:33
105            android:name="flutterEmbedding"
105-->src/main/AndroidManifest.xml:34:13-44
106            android:value="2" />
106-->src/main/AndroidManifest.xml:35:13-30
107
108        <!-- COMPLETE: Add AdMob app ID -->
109        <meta-data
109-->src/main/AndroidManifest.xml:38:9-40:69
110            android:name="com.google.android.gms.ads.APPLICATION_ID"
110-->src/main/AndroidManifest.xml:39:13-69
111            android:value="ca-app-pub-6802264405954571~8539736975" />
111-->src/main/AndroidManifest.xml:40:13-67
112
113        <service
113-->[:firebase_messaging] AndroidManifest.xml:12:9-15:72
114            android:name="io.flutter.plugins.firebase.messaging.FlutterFirebaseMessagingBackgroundService"
114-->[:firebase_messaging] AndroidManifest.xml:13:13-107
115            android:exported="false"
115-->[:firebase_messaging] AndroidManifest.xml:14:13-37
116            android:permission="android.permission.BIND_JOB_SERVICE" />
116-->[:firebase_messaging] AndroidManifest.xml:15:13-69
117        <service
117-->[:firebase_messaging] AndroidManifest.xml:16:9-22:19
118            android:name="io.flutter.plugins.firebase.messaging.FlutterFirebaseMessagingService"
118-->[:firebase_messaging] AndroidManifest.xml:17:13-97
119            android:exported="false" >
119-->[:firebase_messaging] AndroidManifest.xml:18:13-37
120            <intent-filter>
120-->[:firebase_messaging] AndroidManifest.xml:19:13-21:29
121                <action android:name="com.google.firebase.MESSAGING_EVENT" />
121-->[:firebase_messaging] AndroidManifest.xml:20:17-78
121-->[:firebase_messaging] AndroidManifest.xml:20:25-75
122            </intent-filter>
123        </service>
124
125        <receiver
125-->[:firebase_messaging] AndroidManifest.xml:24:9-31:20
126            android:name="io.flutter.plugins.firebase.messaging.FlutterFirebaseMessagingReceiver"
126-->[:firebase_messaging] AndroidManifest.xml:25:13-98
127            android:exported="true"
127-->[:firebase_messaging] AndroidManifest.xml:26:13-36
128            android:permission="com.google.android.c2dm.permission.SEND" >
128-->[:firebase_messaging] AndroidManifest.xml:27:13-73
129            <intent-filter>
129-->[:firebase_messaging] AndroidManifest.xml:28:13-30:29
130                <action android:name="com.google.android.c2dm.intent.RECEIVE" />
130-->[:firebase_messaging] AndroidManifest.xml:29:17-81
130-->[:firebase_messaging] AndroidManifest.xml:29:25-78
131            </intent-filter>
132        </receiver>
133
134        <service
134-->[:firebase_messaging] AndroidManifest.xml:33:9-37:19
135            android:name="com.google.firebase.components.ComponentDiscoveryService"
135-->[:firebase_messaging] AndroidManifest.xml:33:18-89
136            android:directBootAware="true"
136-->[com.google.firebase:firebase-common:20.0.0] AndroidManifest.xml:35:13-43
137            android:exported="false" >
137-->[com.google.firebase:firebase-analytics-ktx:20.0.0] AndroidManifest.xml:10:13-37
138            <meta-data
138-->[:firebase_messaging] AndroidManifest.xml:34:13-36:85
139                android:name="com.google.firebase.components:io.flutter.plugins.firebase.messaging.FlutterFirebaseAppRegistrar"
139-->[:firebase_messaging] AndroidManifest.xml:35:17-128
140                android:value="com.google.firebase.components.ComponentRegistrar" />
140-->[:firebase_messaging] AndroidManifest.xml:36:17-82
141            <meta-data
141-->[:firebase_core] AndroidManifest.xml:9:13-11:85
142                android:name="com.google.firebase.components:io.flutter.plugins.firebase.core.FlutterFirebaseCoreRegistrar"
142-->[:firebase_core] AndroidManifest.xml:10:17-124
143                android:value="com.google.firebase.components.ComponentRegistrar" />
143-->[:firebase_core] AndroidManifest.xml:11:17-82
144            <meta-data
144-->[com.google.firebase:firebase-analytics-ktx:20.0.0] AndroidManifest.xml:11:13-13:85
145                android:name="com.google.firebase.components:com.google.firebase.analytics.ktx.FirebaseAnalyticsKtxRegistrar"
145-->[com.google.firebase:firebase-analytics-ktx:20.0.0] AndroidManifest.xml:12:17-126
146                android:value="com.google.firebase.components.ComponentRegistrar" />
146-->[com.google.firebase:firebase-analytics-ktx:20.0.0] AndroidManifest.xml:13:17-82
147            <meta-data
147-->[com.google.firebase:firebase-common-ktx:20.0.0] AndroidManifest.xml:15:13-17:85
148                android:name="com.google.firebase.components:com.google.firebase.ktx.FirebaseCommonKtxRegistrar"
148-->[com.google.firebase:firebase-common-ktx:20.0.0] AndroidManifest.xml:16:17-113
149                android:value="com.google.firebase.components.ComponentRegistrar" />
149-->[com.google.firebase:firebase-common-ktx:20.0.0] AndroidManifest.xml:17:17-82
150            <meta-data
150-->[com.google.firebase:firebase-messaging:23.0.0] AndroidManifest.xml:52:13-54:85
151                android:name="com.google.firebase.components:com.google.firebase.messaging.FirebaseMessagingRegistrar"
151-->[com.google.firebase:firebase-messaging:23.0.0] AndroidManifest.xml:53:17-119
152                android:value="com.google.firebase.components.ComponentRegistrar" />
152-->[com.google.firebase:firebase-messaging:23.0.0] AndroidManifest.xml:54:17-82
153            <meta-data
153-->[com.google.firebase:firebase-datatransport:18.0.0] AndroidManifest.xml:28:13-30:85
154                android:name="com.google.firebase.components:com.google.firebase.datatransport.TransportRegistrar"
154-->[com.google.firebase:firebase-datatransport:18.0.0] AndroidManifest.xml:29:17-115
155                android:value="com.google.firebase.components.ComponentRegistrar" />
155-->[com.google.firebase:firebase-datatransport:18.0.0] AndroidManifest.xml:30:17-82
156            <meta-data
156-->[com.google.android.gms:play-services-measurement-api:20.0.0] AndroidManifest.xml:30:13-32:85
157                android:name="com.google.firebase.components:com.google.firebase.analytics.connector.internal.AnalyticsConnectorRegistrar"
157-->[com.google.android.gms:play-services-measurement-api:20.0.0] AndroidManifest.xml:31:17-139
158                android:value="com.google.firebase.components.ComponentRegistrar" />
158-->[com.google.android.gms:play-services-measurement-api:20.0.0] AndroidManifest.xml:32:17-82
159            <meta-data
159-->[com.google.firebase:firebase-installations:17.0.0] AndroidManifest.xml:18:13-20:85
160                android:name="com.google.firebase.components:com.google.firebase.installations.FirebaseInstallationsRegistrar"
160-->[com.google.firebase:firebase-installations:17.0.0] AndroidManifest.xml:19:17-127
161                android:value="com.google.firebase.components.ComponentRegistrar" />
161-->[com.google.firebase:firebase-installations:17.0.0] AndroidManifest.xml:20:17-82
162        </service>
163
164        <provider
164-->[:firebase_messaging] AndroidManifest.xml:39:9-43:38
165            android:name="io.flutter.plugins.firebase.messaging.FlutterFirebaseMessagingInitProvider"
165-->[:firebase_messaging] AndroidManifest.xml:40:13-102
166            android:authorities="com.FenixJsfDevelopment.heartmypet.flutterfirebasemessaginginitprovider"
166-->[:firebase_messaging] AndroidManifest.xml:41:13-88
167            android:exported="false"
167-->[:firebase_messaging] AndroidManifest.xml:42:13-37
168            android:initOrder="99" />
168-->[:firebase_messaging] AndroidManifest.xml:43:13-35
169        <provider
169-->[:image_picker] AndroidManifest.xml:8:9-16:20
170            android:name="io.flutter.plugins.imagepicker.ImagePickerFileProvider"
170-->[:image_picker] AndroidManifest.xml:9:13-82
171            android:authorities="com.FenixJsfDevelopment.heartmypet.flutter.image_provider"
171-->[:image_picker] AndroidManifest.xml:10:13-74
172            android:exported="false"
172-->[:image_picker] AndroidManifest.xml:11:13-37
173            android:grantUriPermissions="true" >
173-->[:image_picker] AndroidManifest.xml:12:13-47
174            <meta-data
174-->[:image_picker] AndroidManifest.xml:13:13-15:75
175                android:name="android.support.FILE_PROVIDER_PATHS"
175-->[:image_picker] AndroidManifest.xml:14:17-67
176                android:resource="@xml/flutter_image_picker_file_paths" />
176-->[:image_picker] AndroidManifest.xml:15:17-72
177        </provider>
178
179        <receiver
179-->[:awesome_notifications] AndroidManifest.xml:11:9-13:40
180            android:name="me.carda.awesome_notifications.notifications.broadcastReceivers.DismissedNotificationReceiver"
180-->[:awesome_notifications] AndroidManifest.xml:12:13-121
181            android:exported="false" />
181-->[:awesome_notifications] AndroidManifest.xml:13:13-37
182        <receiver
182-->[:awesome_notifications] AndroidManifest.xml:14:9-16:40
183            android:name="me.carda.awesome_notifications.notifications.broadcastReceivers.ScheduledNotificationReceiver"
183-->[:awesome_notifications] AndroidManifest.xml:15:13-121
184            android:exported="false" />
184-->[:awesome_notifications] AndroidManifest.xml:16:13-37
185        <receiver
185-->[:awesome_notifications] AndroidManifest.xml:17:9-19:40
186            android:name="me.carda.awesome_notifications.notifications.broadcastReceivers.KeepOnTopActionReceiver"
186-->[:awesome_notifications] AndroidManifest.xml:18:13-115
187            android:exported="false" />
187-->[:awesome_notifications] AndroidManifest.xml:19:13-37
188        <receiver
188-->[:awesome_notifications] AndroidManifest.xml:20:9-33:20
189            android:name="me.carda.awesome_notifications.notifications.broadcastReceivers.RefreshSchedulesReceiver"
189-->[:awesome_notifications] AndroidManifest.xml:21:13-116
190            android:exported="false" >
190-->[:awesome_notifications] AndroidManifest.xml:22:13-37
191            <intent-filter>
191-->[:awesome_notifications] AndroidManifest.xml:23:13-32:29
192                <category android:name="android.intent.category.DEFAULT" />
192-->[:awesome_notifications] AndroidManifest.xml:24:17-76
192-->[:awesome_notifications] AndroidManifest.xml:24:27-73
193
194                <action android:name="android.intent.action.BOOT_COMPLETED" />
194-->[:awesome_notifications] AndroidManifest.xml:26:17-79
194-->[:awesome_notifications] AndroidManifest.xml:26:25-76
195                <action android:name="android.intent.action.LOCKED_BOOT_COMPLETED" />
195-->[:awesome_notifications] AndroidManifest.xml:27:17-86
195-->[:awesome_notifications] AndroidManifest.xml:27:25-83
196                <action android:name="android.intent.action.MY_PACKAGE_REPLACED" />
196-->[:awesome_notifications] AndroidManifest.xml:28:17-84
196-->[:awesome_notifications] AndroidManifest.xml:28:25-81
197                <action android:name="android.intent.action.QUICKBOOT_POWERON" />
197-->[:awesome_notifications] AndroidManifest.xml:29:17-82
197-->[:awesome_notifications] AndroidManifest.xml:29:25-79
198                <action android:name="com.htc.intent.action.QUICKBOOT_POWERON" />
198-->[:awesome_notifications] AndroidManifest.xml:30:17-82
198-->[:awesome_notifications] AndroidManifest.xml:30:25-79
199                <action android:name="android.app.action.SCHEDULE_EXACT_ALARM_PERMISSION_STATE_CHANGED" />
199-->[:awesome_notifications] AndroidManifest.xml:31:17-107
199-->[:awesome_notifications] AndroidManifest.xml:31:25-104
200            </intent-filter>
201        </receiver>
202        <receiver
202-->[:flutter_local_notifications] AndroidManifest.xml:13:9-15:40
203            android:name="com.dexterous.flutterlocalnotifications.ScheduledNotificationReceiver"
203-->[:flutter_local_notifications] AndroidManifest.xml:14:13-97
204            android:exported="false" />
204-->[:flutter_local_notifications] AndroidManifest.xml:15:13-37
205        <receiver
205-->[:flutter_local_notifications] AndroidManifest.xml:16:9-25:20
206            android:name="com.dexterous.flutterlocalnotifications.ScheduledNotificationBootReceiver"
206-->[:flutter_local_notifications] AndroidManifest.xml:17:13-101
207            android:exported="false" >
207-->[:flutter_local_notifications] AndroidManifest.xml:18:13-37
208            <intent-filter>
208-->[:flutter_local_notifications] AndroidManifest.xml:19:13-24:29
209                <action android:name="android.intent.action.BOOT_COMPLETED" />
209-->[:awesome_notifications] AndroidManifest.xml:26:17-79
209-->[:awesome_notifications] AndroidManifest.xml:26:25-76
210                <action android:name="android.intent.action.MY_PACKAGE_REPLACED" />
210-->[:awesome_notifications] AndroidManifest.xml:28:17-84
210-->[:awesome_notifications] AndroidManifest.xml:28:25-81
211                <action android:name="android.intent.action.QUICKBOOT_POWERON" />
211-->[:awesome_notifications] AndroidManifest.xml:29:17-82
211-->[:awesome_notifications] AndroidManifest.xml:29:25-79
212                <action android:name="com.htc.intent.action.QUICKBOOT_POWERON" />
212-->[:awesome_notifications] AndroidManifest.xml:30:17-82
212-->[:awesome_notifications] AndroidManifest.xml:30:25-79
213            </intent-filter>
214        </receiver>
215
216        <meta-data
216-->[:google_mobile_ads] AndroidManifest.xml:10:9-12:36
217            android:name="io.flutter.embedded_views_preview"
217-->[:google_mobile_ads] AndroidManifest.xml:11:13-61
218            android:value="true" />
218-->[:google_mobile_ads] AndroidManifest.xml:12:13-33
219
220        <receiver
220-->[com.google.firebase:firebase-messaging:23.0.0] AndroidManifest.xml:28:9-35:20
221            android:name="com.google.firebase.iid.FirebaseInstanceIdReceiver"
221-->[com.google.firebase:firebase-messaging:23.0.0] AndroidManifest.xml:29:13-78
222            android:exported="true"
222-->[com.google.firebase:firebase-messaging:23.0.0] AndroidManifest.xml:30:13-36
223            android:permission="com.google.android.c2dm.permission.SEND" >
223-->[com.google.firebase:firebase-messaging:23.0.0] AndroidManifest.xml:31:13-73
224            <intent-filter>
224-->[:firebase_messaging] AndroidManifest.xml:28:13-30:29
225                <action android:name="com.google.android.c2dm.intent.RECEIVE" />
225-->[:firebase_messaging] AndroidManifest.xml:29:17-81
225-->[:firebase_messaging] AndroidManifest.xml:29:25-78
226            </intent-filter>
227        </receiver>
228        <!--
229             FirebaseMessagingService performs security checks at runtime,
230             but set to not exported to explicitly avoid allowing another app to call it.
231        -->
232        <service
232-->[com.google.firebase:firebase-messaging:23.0.0] AndroidManifest.xml:41:9-48:19
233            android:name="com.google.firebase.messaging.FirebaseMessagingService"
233-->[com.google.firebase:firebase-messaging:23.0.0] AndroidManifest.xml:42:13-82
234            android:directBootAware="true"
234-->[com.google.firebase:firebase-messaging:23.0.0] AndroidManifest.xml:43:13-43
235            android:exported="false" >
235-->[com.google.firebase:firebase-messaging:23.0.0] AndroidManifest.xml:44:13-37
236            <intent-filter android:priority="-500" >
236-->[:firebase_messaging] AndroidManifest.xml:19:13-21:29
237                <action android:name="com.google.firebase.MESSAGING_EVENT" />
237-->[:firebase_messaging] AndroidManifest.xml:20:17-78
237-->[:firebase_messaging] AndroidManifest.xml:20:25-75
238            </intent-filter>
239        </service>
240        <service
240-->[com.google.android.datatransport:transport-backend-cct:3.0.0] AndroidManifest.xml:29:9-35:19
241            android:name="com.google.android.datatransport.runtime.backends.TransportBackendDiscovery"
241-->[com.google.android.datatransport:transport-backend-cct:3.0.0] AndroidManifest.xml:30:13-103
242            android:exported="false" >
242-->[com.google.android.datatransport:transport-backend-cct:3.0.0] AndroidManifest.xml:31:13-37
243            <meta-data
243-->[com.google.android.datatransport:transport-backend-cct:3.0.0] AndroidManifest.xml:32:13-34:39
244                android:name="backend:com.google.android.datatransport.cct.CctBackendFactory"
244-->[com.google.android.datatransport:transport-backend-cct:3.0.0] AndroidManifest.xml:33:17-94
245                android:value="cct" />
245-->[com.google.android.datatransport:transport-backend-cct:3.0.0] AndroidManifest.xml:34:17-36
246        </service>
247
248        <provider
248-->[com.google.firebase:firebase-common:20.0.0] AndroidManifest.xml:26:9-31:39
249            android:name="com.google.firebase.provider.FirebaseInitProvider"
249-->[com.google.firebase:firebase-common:20.0.0] AndroidManifest.xml:27:13-77
250            android:authorities="com.FenixJsfDevelopment.heartmypet.firebaseinitprovider"
250-->[com.google.firebase:firebase-common:20.0.0] AndroidManifest.xml:28:13-72
251            android:directBootAware="true"
251-->[com.google.firebase:firebase-common:20.0.0] AndroidManifest.xml:29:13-43
252            android:exported="false"
252-->[com.google.firebase:firebase-common:20.0.0] AndroidManifest.xml:30:13-37
253            android:initOrder="100" /> <!-- Include the AdActivity and InAppPurchaseActivity configChanges and themes. -->
253-->[com.google.firebase:firebase-common:20.0.0] AndroidManifest.xml:31:13-36
254        <activity
254-->[com.google.android.gms:play-services-ads-lite:20.5.0] AndroidManifest.xml:49:9-53:64
255            android:name="com.google.android.gms.ads.AdActivity"
255-->[com.google.android.gms:play-services-ads-lite:20.5.0] AndroidManifest.xml:50:13-65
256            android:configChanges="keyboard|keyboardHidden|orientation|screenLayout|uiMode|screenSize|smallestScreenSize"